%!Adobe-FontList 1.22
%Locale:0x409

%BeginFont
Handler:DirectoryHandler
FontType:TrueType
FontName:Barlow-Black
FamilyName:Barlow
StyleName:Black
FullName:Barlow Black
MenuName:Barlow Black
StyleBits:0
WritingScript:Roman
OutlineFileName:C:\Users\vpavlovic\Desktop\poslovi\The LHT Group\04formatted\jaJP\Target files revised\OM Distributor Toolkit - One-Pager_v2 Folder\OM Distributor Toolkit - One-Pager_v2 Folder\Document fonts\Barlow-Black.ttf
DataFormat:sfntData
hasSVG:no
VariableFontType:NonVariableFont
FileLength:105412
FileModTime:1508968800
WeightClass:900
WidthClass:5
AngleClass:0
NameArray:0,Win,1,Barlow Black
NameArray:0,Win,16,Barlow
%EndFont

%BeginFont
Handler:DirectoryHandler
FontType:Type1
FontName:Barlow-Bold
FamilyName:Barlow
StyleName:Bold
FullName:Barlow Bold
MenuName:Barlow
StyleBits:2
WritingScript:Roman
OutlineFileName:C:\Users\vpavlovic\Desktop\poslovi\The LHT Group\04formatted\jaJP\Target files revised\OM Distributor Toolkit - One-Pager_v2 Folder\OM Distributor Toolkit - One-Pager_v2 Folder\Document fonts\Barlow-Bold.otf
DataFormat:sfntData
UsesStandardEncoding:yes
isCFF:yes
hasSVG:no
VariableFontType:NonVariableFont
FileLength:60820
FileModTime:1598967680
WeightClass:700
WidthClass:5
AngleClass:0
NameArray:0,Mac,4,Barlow Bold
NameArray:0,Win,1,Barlow
%EndFont

%BeginFont
Handler:DirectoryHandler
FontType:Type1
FontName:Barlow-Medium
FamilyName:Barlow
StyleName:Medium
FullName:Barlow Medium
MenuName:Barlow Medium
StyleBits:0
WritingScript:Roman
OutlineFileName:C:\Users\vpavlovic\Desktop\poslovi\The LHT Group\04formatted\jaJP\Target files revised\OM Distributor Toolkit - One-Pager_v2 Folder\OM Distributor Toolkit - One-Pager_v2 Folder\Document fonts\Barlow-Medium.otf
DataFormat:sfntData
UsesStandardEncoding:yes
isCFF:yes
hasSVG:no
VariableFontType:NonVariableFont
FileLength:59304
FileModTime:1598967680
WeightClass:500
WidthClass:5
AngleClass:0
NameArray:0,Mac,4,Barlow Medium
NameArray:0,Win,1,Barlow Medium
NameArray:0,Win,16,Barlow
%EndFont

%BeginFont
Handler:DirectoryHandler
FontType:Type1
FontName:Barlow-Regular
FamilyName:Barlow
StyleName:Regular
FullName:Barlow Regular
MenuName:Barlow
StyleBits:0
WritingScript:Roman
OutlineFileName:C:\Users\vpavlovic\Desktop\poslovi\The LHT Group\04formatted\jaJP\Target files revised\OM Distributor Toolkit - One-Pager_v2 Folder\OM Distributor Toolkit - One-Pager_v2 Folder\Document fonts\Barlow-Regular.otf
DataFormat:sfntData
UsesStandardEncoding:yes
isCFF:yes
hasSVG:no
VariableFontType:NonVariableFont
FileLength:60904
FileModTime:1598967680
WeightClass:400
WidthClass:5
AngleClass:0
NameArray:0,Mac,4,Barlow Regular
NameArray:0,Win,1,Barlow
%EndFont

%BeginFont
Handler:DirectoryHandler
FontType:Type1
FontName:Barlow-SemiBold
FamilyName:Barlow
StyleName:SemiBold
FullName:Barlow SemiBold
MenuName:Barlow SemiBold
StyleBits:0
WritingScript:Roman
OutlineFileName:C:\Users\vpavlovic\Desktop\poslovi\The LHT Group\04formatted\jaJP\Target files revised\OM Distributor Toolkit - One-Pager_v2 Folder\OM Distributor Toolkit - One-Pager_v2 Folder\Document fonts\Barlow-SemiBold.otf
DataFormat:sfntData
UsesStandardEncoding:yes
isCFF:yes
hasSVG:no
VariableFontType:NonVariableFont
FileLength:59948
FileModTime:1598967680
WeightClass:600
WidthClass:5
AngleClass:0
NameArray:0,Mac,4,Barlow SemiBold
NameArray:0,Win,1,Barlow SemiBold
NameArray:0,Win,16,Barlow
%EndFont

%BeginFont
Handler:DirectoryHandler
FontType:Type1
FontName:DINPro
FamilyName:DIN Pro
StyleName:Regular
FullName:DINPro
MenuName:DINPro
StyleBits:0
WritingScript:Roman
OutlineFileName:C:\Users\vpavlovic\Desktop\poslovi\The LHT Group\04formatted\jaJP\Target files revised\OM Distributor Toolkit - One-Pager_v2 Folder\OM Distributor Toolkit - One-Pager_v2 Folder\Document fonts\DINPro.otf
DataFormat:sfntData
UsesStandardEncoding:yes
isCFF:yes
hasSVG:no
VariableFontType:NonVariableFont
FileLength:110156
FileModTime:1339165074
WeightClass:400
WidthClass:5
AngleClass:0
NameArray:0,Mac,4,DINPro
NameArray:0,Win,1,DINPro
NameArray:0,Win,16,DIN Pro
%EndFont

%BeginFont
Handler:DirectoryHandler
FontType:Type1
FontName:DINPro-Bold
FamilyName:DIN Pro
StyleName:Bold
FullName:DIN Pro Bold
MenuName:DIN Pro
StyleBits:2
WritingScript:Roman
OutlineFileName:C:\Users\vpavlovic\Desktop\poslovi\The LHT Group\04formatted\jaJP\Target files revised\OM Distributor Toolkit - One-Pager_v2 Folder\OM Distributor Toolkit - One-Pager_v2 Folder\Document fonts\FontFont - DIN Pro Bold.otf
DataFormat:sfntData
UsesStandardEncoding:yes
isCFF:yes
hasSVG:no
VariableFontType:NonVariableFont
FileLength:182796
FileModTime:1564597775
WeightClass:700
WidthClass:5
AngleClass:0
NameArray:0,Mac,4,DIN Pro Bold
NameArray:0,Win,1,DIN Pro
%EndFont

%BeginFont
Handler:DirectoryHandler
FontType:Type1
FontName:DINPro-Medium
FamilyName:DIN Pro
StyleName:Medium
FullName:DIN Pro Medium
MenuName:DIN Pro Medium
StyleBits:0
WritingScript:Roman
OutlineFileName:C:\Users\vpavlovic\Desktop\poslovi\The LHT Group\04formatted\jaJP\Target files revised\OM Distributor Toolkit - One-Pager_v2 Folder\OM Distributor Toolkit - One-Pager_v2 Folder\Document fonts\FontFont - DIN Pro Medium.otf
DataFormat:sfntData
UsesStandardEncoding:yes
isCFF:yes
hasSVG:no
VariableFontType:NonVariableFont
FileLength:179972
FileModTime:1564597791
WeightClass:500
WidthClass:5
AngleClass:0
NameArray:0,Mac,4,DIN Pro Medium
NameArray:0,Win,1,DIN Pro Medium
NameArray:0,Win,16,DIN Pro
%EndFont

%BeginFont
Handler:DirectoryHandler
FontType:Type1
FontName:MinionPro-Regular
FamilyName:Minion Pro
StyleName:Regular
FullName:Minion Pro
MenuName:Minion Pro
StyleBits:0
WritingScript:Roman
OutlineFileName:C:\Users\vpavlovic\Desktop\poslovi\The LHT Group\04formatted\jaJP\Target files revised\OM Distributor Toolkit - One-Pager_v2 Folder\OM Distributor Toolkit - One-Pager_v2 Folder\Document fonts\MinionPro-Regular.otf
DataFormat:sfntData
UsesStandardEncoding:yes
isCFF:yes
hasSVG:no
VariableFontType:NonVariableFont
FileLength:218640
FileModTime:1576114631
WeightClass:400
WidthClass:5
AngleClass:0
DesignSize:110
NameArray:0,Mac,4,Minion Pro
NameArray:0,Win,1,Minion Pro
%EndFont

%BeginFont
Handler:DirectoryHandler
FontType:CID
FontName:NotoSansCJKjp-Black
FamilyName:Noto Sans CJK JP
StyleName:Black
FullName:Noto Sans CJK JP Black
MenuName:Noto Sans CJK JP Black
StyleBits:0
FamilyNameNative:Noto Sans CJK JP
StyleNameNative:Black
FullNameNative:Noto Sans CJK JP Black
WritingScript:Japanese
OutlineFileName:C:\Users\vpavlovic\Desktop\poslovi\The LHT Group\04formatted\jaJP\Target files revised\OM Distributor Toolkit - One-Pager_v2 Folder\OM Distributor Toolkit - One-Pager_v2 Folder\Document fonts\NotoSansCJKjp-Black.otf
DataFormat:sfntData
isCFF:yes
hasSVG:no
VariableFontType:NonVariableFont
FileLength:17333564
FileModTime:1410527886
WeightClass:900
WidthClass:5
AngleClass:0
NameArray:0,Mac,4,Noto Sans CJK JP Black
NameArray:0,Win,1,Noto Sans CJK JP Black
NameArray:0,Win,16,Noto Sans CJK JP
%EndFont

%BeginFont
Handler:DirectoryHandler
FontType:CID
FontName:NotoSansCJKjp-Bold
FamilyName:Noto Sans CJK JP
StyleName:Bold
FullName:Noto Sans CJK JP Bold
MenuName:Noto Sans CJK JP Bold
StyleBits:0
FamilyNameNative:Noto Sans CJK JP
StyleNameNative:Bold
FullNameNative:Noto Sans CJK JP Bold
WritingScript:Japanese
OutlineFileName:C:\Users\vpavlovic\Desktop\poslovi\The LHT Group\04formatted\jaJP\Target files revised\OM Distributor Toolkit - One-Pager_v2 Folder\OM Distributor Toolkit - One-Pager_v2 Folder\Document fonts\NotoSansCJKjp-Bold.otf
DataFormat:sfntData
isCFF:yes
hasSVG:no
VariableFontType:NonVariableFont
FileLength:16993232
FileModTime:1410527886
WeightClass:700
WidthClass:5
AngleClass:0
NameArray:0,Mac,4,Noto Sans CJK JP Bold
NameArray:0,Win,1,Noto Sans CJK JP Bold
NameArray:0,Win,16,Noto Sans CJK JP
%EndFont

%BeginFont
Handler:DirectoryHandler
FontType:CID
FontName:NotoSansCJKjp-DemiLight
FamilyName:Noto Sans CJK JP
StyleName:DemiLight
FullName:Noto Sans CJK JP DemiLight
MenuName:Noto Sans CJK JP DemiLight
StyleBits:0
FamilyNameNative:Noto Sans CJK JP
StyleNameNative:DemiLight
FullNameNative:Noto Sans CJK JP DemiLight
WritingScript:Japanese
OutlineFileName:C:\Users\vpavlovic\Desktop\poslovi\The LHT Group\04formatted\jaJP\Target files revised\OM Distributor Toolkit - One-Pager_v2 Folder\OM Distributor Toolkit - One-Pager_v2 Folder\Document fonts\NotoSansCJKjp-DemiLight.otf
DataFormat:sfntData
isCFF:yes
hasSVG:no
VariableFontType:NonVariableFont
FileLength:16362188
FileModTime:1410527886
WeightClass:350
WidthClass:5
AngleClass:0
NameArray:0,Mac,4,Noto Sans CJK JP DemiLight
NameArray:0,Win,1,Noto Sans CJK JP DemiLight
NameArray:0,Win,16,Noto Sans CJK JP
%EndFont

%BeginFont
Handler:DirectoryHandler
FontType:CID
FontName:NotoSansCJKjp-Medium
FamilyName:Noto Sans CJK JP
StyleName:Medium
FullName:Noto Sans CJK JP Medium
MenuName:Noto Sans CJK JP Medium
StyleBits:0
FamilyNameNative:Noto Sans CJK JP
StyleNameNative:Medium
FullNameNative:Noto Sans CJK JP Medium
WritingScript:Japanese
OutlineFileName:C:\Users\vpavlovic\Desktop\poslovi\The LHT Group\04formatted\jaJP\Target files revised\OM Distributor Toolkit - One-Pager_v2 Folder\OM Distributor Toolkit - One-Pager_v2 Folder\Document fonts\NotoSansCJKjp-Medium.otf
DataFormat:sfntData
isCFF:yes
hasSVG:no
VariableFontType:NonVariableFont
FileLength:16499056
FileModTime:1410527888
WeightClass:500
WidthClass:5
AngleClass:0
NameArray:0,Mac,4,Noto Sans CJK JP Medium
NameArray:0,Win,1,Noto Sans CJK JP Medium
NameArray:0,Win,16,Noto Sans CJK JP
%EndFont

