%!Adobe-FontList 1.22
%Locale:0x409

%BeginFont
Handler:DirectoryHandler
FontType:Type1
FontName:Barlow-Bold
FamilyName:Barlow
StyleName:Bold
FullName:Barlow Bold
MenuName:Barlow
StyleBits:2
WritingScript:Roman
OutlineFileName:C:\Users\vpavlovic\Desktop\poslovi\The LHT Group\04formatted\koKR\updated files\OM Distributor Toolkit - One-Pager_v2 Folder\Document fonts\Barlow-Bold.otf
DataFormat:sfntData
UsesStandardEncoding:yes
isCFF:yes
hasSVG:no
VariableFontType:NonVariableFont
FileLength:60820
FileModTime:1598967680
WeightClass:700
WidthClass:5
AngleClass:0
NameArray:0,Mac,4,Barlow Bold
NameArray:0,Win,1,Barlow
%EndFont

%BeginFont
Handler:DirectoryHandler
FontType:Type1
FontName:Barlow-Medium
FamilyName:Barlow
StyleName:Medium
FullName:Barlow Medium
MenuName:Barlow Medium
StyleBits:0
WritingScript:Roman
OutlineFileName:C:\Users\vpavlovic\Desktop\poslovi\The LHT Group\04formatted\koKR\updated files\OM Distributor Toolkit - One-Pager_v2 Folder\Document fonts\Barlow-Medium.otf
DataFormat:sfntData
UsesStandardEncoding:yes
isCFF:yes
hasSVG:no
VariableFontType:NonVariableFont
FileLength:59304
FileModTime:1598967680
WeightClass:500
WidthClass:5
AngleClass:0
NameArray:0,Mac,4,Barlow Medium
NameArray:0,Win,1,Barlow Medium
NameArray:0,Win,16,Barlow
%EndFont

%BeginFont
Handler:DirectoryHandler
FontType:Type1
FontName:Barlow-Regular
FamilyName:Barlow
StyleName:Regular
FullName:Barlow Regular
MenuName:Barlow
StyleBits:0
WritingScript:Roman
OutlineFileName:C:\Users\vpavlovic\Desktop\poslovi\The LHT Group\04formatted\koKR\updated files\OM Distributor Toolkit - One-Pager_v2 Folder\Document fonts\Barlow-Regular.otf
DataFormat:sfntData
UsesStandardEncoding:yes
isCFF:yes
hasSVG:no
VariableFontType:NonVariableFont
FileLength:60904
FileModTime:1598967680
WeightClass:400
WidthClass:5
AngleClass:0
NameArray:0,Mac,4,Barlow Regular
NameArray:0,Win,1,Barlow
%EndFont

%BeginFont
Handler:DirectoryHandler
FontType:Type1
FontName:Barlow-SemiBold
FamilyName:Barlow
StyleName:SemiBold
FullName:Barlow SemiBold
MenuName:Barlow SemiBold
StyleBits:0
WritingScript:Roman
OutlineFileName:C:\Users\vpavlovic\Desktop\poslovi\The LHT Group\04formatted\koKR\updated files\OM Distributor Toolkit - One-Pager_v2 Folder\Document fonts\Barlow-SemiBold.otf
DataFormat:sfntData
UsesStandardEncoding:yes
isCFF:yes
hasSVG:no
VariableFontType:NonVariableFont
FileLength:59948
FileModTime:1598967680
WeightClass:600
WidthClass:5
AngleClass:0
NameArray:0,Mac,4,Barlow SemiBold
NameArray:0,Win,1,Barlow SemiBold
NameArray:0,Win,16,Barlow
%EndFont

%BeginFont
Handler:DirectoryHandler
FontType:Type1
FontName:DINPro
FamilyName:DIN Pro
StyleName:Regular
FullName:DINPro
MenuName:DINPro
StyleBits:0
WritingScript:Roman
OutlineFileName:C:\Users\vpavlovic\Desktop\poslovi\The LHT Group\04formatted\koKR\updated files\OM Distributor Toolkit - One-Pager_v2 Folder\Document fonts\DINPro.otf
DataFormat:sfntData
UsesStandardEncoding:yes
isCFF:yes
hasSVG:no
VariableFontType:NonVariableFont
FileLength:110156
FileModTime:1339165074
WeightClass:400
WidthClass:5
AngleClass:0
NameArray:0,Mac,4,DINPro
NameArray:0,Win,1,DINPro
NameArray:0,Win,16,DIN Pro
%EndFont

%BeginFont
Handler:DirectoryHandler
FontType:Type1
FontName:DINPro-Bold
FamilyName:DIN Pro
StyleName:Bold
FullName:DIN Pro Bold
MenuName:DIN Pro
StyleBits:2
WritingScript:Roman
OutlineFileName:C:\Users\vpavlovic\Desktop\poslovi\The LHT Group\04formatted\koKR\updated files\OM Distributor Toolkit - One-Pager_v2 Folder\Document fonts\FontFont - DIN Pro Bold.otf
DataFormat:sfntData
UsesStandardEncoding:yes
isCFF:yes
hasSVG:no
VariableFontType:NonVariableFont
FileLength:182796
FileModTime:1564597775
WeightClass:700
WidthClass:5
AngleClass:0
NameArray:0,Mac,4,DIN Pro Bold
NameArray:0,Win,1,DIN Pro
%EndFont

%BeginFont
Handler:DirectoryHandler
FontType:Type1
FontName:DINPro-Medium
FamilyName:DIN Pro
StyleName:Medium
FullName:DIN Pro Medium
MenuName:DIN Pro Medium
StyleBits:0
WritingScript:Roman
OutlineFileName:C:\Users\vpavlovic\Desktop\poslovi\The LHT Group\04formatted\koKR\updated files\OM Distributor Toolkit - One-Pager_v2 Folder\Document fonts\FontFont - DIN Pro Medium.otf
DataFormat:sfntData
UsesStandardEncoding:yes
isCFF:yes
hasSVG:no
VariableFontType:NonVariableFont
FileLength:179972
FileModTime:1564597791
WeightClass:500
WidthClass:5
AngleClass:0
NameArray:0,Mac,4,DIN Pro Medium
NameArray:0,Win,1,DIN Pro Medium
NameArray:0,Win,16,DIN Pro
%EndFont

%BeginFont
Handler:DirectoryHandler
FontType:Type1
FontName:MinionPro-Regular
FamilyName:Minion Pro
StyleName:Regular
FullName:Minion Pro
MenuName:Minion Pro
StyleBits:0
WritingScript:Roman
OutlineFileName:C:\Users\vpavlovic\Desktop\poslovi\The LHT Group\04formatted\koKR\updated files\OM Distributor Toolkit - One-Pager_v2 Folder\Document fonts\MinionPro-Regular.otf
DataFormat:sfntData
UsesStandardEncoding:yes
isCFF:yes
hasSVG:no
VariableFontType:NonVariableFont
FileLength:218640
FileModTime:1576114631
WeightClass:400
WidthClass:5
AngleClass:0
DesignSize:110
NameArray:0,Mac,4,Minion Pro
NameArray:0,Win,1,Minion Pro
%EndFont

%BeginFont
Handler:DirectoryHandler
FontType:CID
FontName:NotoSansCJKkr-Black
FamilyName:Noto Sans CJK KR
StyleName:Black
FullName:Noto Sans CJK KR Black
MenuName:Noto Sans CJK KR Black
StyleBits:0
FamilyNameNative:Noto Sans CJK KR
StyleNameNative:Black
FullNameNative:Noto Sans CJK KR Black
WritingScript:Korean
OutlineFileName:C:\Users\vpavlovic\Desktop\poslovi\The LHT Group\04formatted\koKR\updated files\OM Distributor Toolkit - One-Pager_v2 Folder\Document fonts\NotoSansCJKkr-Black.otf
DataFormat:sfntData
isCFF:yes
hasSVG:no
VariableFontType:NonVariableFont
FileLength:17363456
FileModTime:1410527888
WeightClass:900
WidthClass:5
AngleClass:0
NameArray:0,Mac,4,Noto Sans CJK KR Black
NameArray:0,Win,1,Noto Sans CJK KR Black
NameArray:0,Win,16,Noto Sans CJK KR
%EndFont

%BeginFont
Handler:DirectoryHandler
FontType:CID
FontName:NotoSansCJKkr-Bold
FamilyName:Noto Sans CJK KR
StyleName:Bold
FullName:Noto Sans CJK KR Bold
MenuName:Noto Sans CJK KR Bold
StyleBits:0
FamilyNameNative:Noto Sans CJK KR
StyleNameNative:Bold
FullNameNative:Noto Sans CJK KR Bold
WritingScript:Korean
OutlineFileName:C:\Users\vpavlovic\Desktop\poslovi\The LHT Group\04formatted\koKR\updated files\OM Distributor Toolkit - One-Pager_v2 Folder\Document fonts\NotoSansCJKkr-Bold.otf
DataFormat:sfntData
isCFF:yes
hasSVG:no
VariableFontType:NonVariableFont
FileLength:17023124
FileModTime:1410527888
WeightClass:700
WidthClass:5
AngleClass:0
NameArray:0,Mac,4,Noto Sans CJK KR Bold
NameArray:0,Win,1,Noto Sans CJK KR Bold
NameArray:0,Win,16,Noto Sans CJK KR
%EndFont

%BeginFont
Handler:DirectoryHandler
FontType:CID
FontName:NotoSansCJKkr-Medium
FamilyName:Noto Sans CJK KR
StyleName:Medium
FullName:Noto Sans CJK KR Medium
MenuName:Noto Sans CJK KR Medium
StyleBits:0
FamilyNameNative:Noto Sans CJK KR
StyleNameNative:Medium
FullNameNative:Noto Sans CJK KR Medium
WritingScript:Korean
OutlineFileName:C:\Users\vpavlovic\Desktop\poslovi\The LHT Group\04formatted\koKR\updated files\OM Distributor Toolkit - One-Pager_v2 Folder\Document fonts\NotoSansCJKkr-Medium.otf
DataFormat:sfntData
isCFF:yes
hasSVG:no
VariableFontType:NonVariableFont
FileLength:16528948
FileModTime:1410527888
WeightClass:500
WidthClass:5
AngleClass:0
NameArray:0,Mac,4,Noto Sans CJK KR Medium
NameArray:0,Win,1,Noto Sans CJK KR Medium
NameArray:0,Win,16,Noto Sans CJK KR
%EndFont

%BeginFont
Handler:DirectoryHandler
FontType:CID
FontName:NotoSansCJKkr-Regular
FamilyName:Noto Sans CJK KR
StyleName:Regular
FullName:Noto Sans CJK KR Regular
MenuName:Noto Sans CJK KR Regular
StyleBits:0
FamilyNameNative:Noto Sans CJK KR
StyleNameNative:Regular
FullNameNative:Noto Sans CJK KR Regular
WritingScript:Korean
OutlineFileName:C:\Users\vpavlovic\Desktop\poslovi\The LHT Group\04formatted\koKR\updated files\OM Distributor Toolkit - One-Pager_v2 Folder\Document fonts\NotoSansCJKkr-Regular.otf
DataFormat:sfntData
isCFF:yes
hasSVG:no
VariableFontType:NonVariableFont
FileLength:16451516
FileModTime:1410527888
WeightClass:400
WidthClass:5
AngleClass:0
NameArray:0,Mac,4,Noto Sans CJK KR Regular
NameArray:0,Win,1,Noto Sans CJK KR Regular
NameArray:0,Win,16,Noto Sans CJK KR
%EndFont

